# JRE version: Java(TM) SE Runtime Environment (8.0_121-b13) (build 1.8.0_121-b13)
# Java VM: Java HotSpot(TM) 64-Bit Server VM (25.121-b13 mixed mode windows-amd64 compressed oops)
Heap:
 PSYoungGen      total 17408K, used 6751K [0x00000000eb180000, 0x00000000ec400000, 0x0000000100000000)
  eden space 15872K, 35% used [0x00000000eb180000,0x00000000eb70fe58,0x00000000ec100000)
  from space 1536K, 68% used [0x00000000ec180000,0x00000000ec288000,0x00000000ec300000)
  to   space 1024K, 0% used [0x00000000ec300000,0x00000000ec300000,0x00000000ec400000)
 ParOldGen       total 58880K, used 56207K [0x00000000c1400000, 0x00000000c4d80000, 0x00000000eb180000)
  object space 58880K, 95% used [0x00000000c1400000,0x00000000c4ae3ec8,0x00000000c4d80000)
 Metaspace       used 12719K, capacity 12829K, committed 12928K, reserved 1060864K
  class space    used 1362K, capacity 1399K, committed 1408K, reserved 1048576K
GC Heap History (10 events):
Event: 153.659 GC heap before
{Heap before GC invocations=58 (full 1):
 PSYoungGen      total 17920K, used 16928K [0x00000000eb180000, 0x00000000ec500000, 0x0000000100000000)
  eden space 15872K, 100% used [0x00000000eb180000,0x00000000ec100000,0x00000000ec100000)
  from space 2048K, 51% used [0x00000000ec300000,0x00000000ec408000,0x00000000ec500000)
  to   space 2048K, 0% used [0x00000000ec100000,0x00000000ec100000,0x00000000ec300000)
 ParOldGen       total 58880K, used 51559K [0x00000000c1400000, 0x00000000c4d80000, 0x00000000eb180000)
  object space 58880K, 87% used [0x00000000c1400000,0x00000000c4659ec8,0x00000000c4d80000)
 Metaspace       used 12719K, capacity 12829K, committed 12928K, reserved 1060864K
  class space    used 1362K, capacity 1399K, committed 1408K, reserved 1048576K
Event: 153.661 GC heap after
Heap after GC invocations=58 (full 1):
 PSYoungGen      total 17920K, used 1024K [0x00000000eb180000, 0x00000000ec500000, 0x0000000100000000)
  eden space 15872K, 0% used [0x00000000eb180000,0x00000000eb180000,0x00000000ec100000)
  from space 2048K, 50% used [0x00000000ec100000,0x00000000ec200000,0x00000000ec300000)
  to   space 2048K, 0% used [0x00000000ec300000,0x00000000ec300000,0x00000000ec500000)
 ParOldGen       total 58880K, used 52487K [0x00000000c1400000, 0x00000000c4d80000, 0x00000000eb180000)
  object space 58880K, 89% used [0x00000000c1400000,0x00000000c4741ec8,0x00000000c4d80000)
 Metaspace       used 12719K, capacity 12829K, committed 12928K, reserved 1060864K
  class space    used 1362K, capacity 1399K, committed 1408K, reserved 1048576K
}
Event: 156.294 GC heap before
{Heap before GC invocations=59 (full 1):
 PSYoungGen      total 17920K, used 16896K [0x00000000eb180000, 0x00000000ec500000, 0x0000000100000000)
  eden space 15872K, 100% used [0x00000000eb180000,0x00000000ec100000,0x00000000ec100000)
  from space 2048K, 50% used [0x00000000ec100000,0x00000000ec200000,0x00000000ec300000)
  to   space 2048K, 0% used [0x00000000ec300000,0x00000000ec300000,0x00000000ec500000)
 ParOldGen       total 58880K, used 52487K [0x00000000c1400000, 0x00000000c4d80000, 0x00000000eb180000)
  object space 58880K, 89% used [0x00000000c1400000,0x00000000c4741ec8,0x00000000c4d80000)
 Metaspace       used 12719K, capacity 12829K, committed 12928K, reserved 1060864K
  class space    used 1362K, capacity 1399K, committed 1408K, reserved 1048576K
Event: 156.300 GC heap after
Heap after GC invocations=59 (full 1):
 PSYoungGen      total 17920K, used 1166K [0x00000000eb180000, 0x00000000ec500000, 0x0000000100000000)
  eden space 15872K, 0% used [0x00000000eb180000,0x00000000eb180000,0x00000000ec100000)
  from space 2048K, 56% used [0x00000000ec300000,0x00000000ec423890,0x00000000ec500000)
  to   space 2048K, 0% used [0x00000000ec100000,0x00000000ec100000,0x00000000ec300000)
 ParOldGen       total 58880K, used 53415K [0x00000000c1400000, 0x00000000c4d80000, 0x00000000eb180000)
  object space 58880K, 90% used [0x00000000c1400000,0x00000000c4829ec8,0x00000000c4d80000)
 Metaspace       used 12719K, capacity 12829K, committed 12928K, reserved 1060864K
  class space    used 1362K, capacity 1399K, committed 1408K, reserved 1048576K
}
Event: 159.024 GC heap before
{Heap before GC invocations=60 (full 1):
 PSYoungGen      total 17920K, used 17038K [0x00000000eb180000, 0x00000000ec500000, 0x0000000100000000)
  eden space 15872K, 100% used [0x00000000eb180000,0x00000000ec100000,0x00000000ec100000)
  from space 2048K, 56% used [0x00000000ec300000,0x00000000ec423890,0x00000000ec500000)
  to   space 2048K, 0% used [0x00000000ec100000,0x00000000ec100000,0x00000000ec300000)
 ParOldGen       total 58880K, used 53415K [0x00000000c1400000, 0x00000000c4d80000, 0x00000000eb180000)
  object space 58880K, 90% used [0x00000000c1400000,0x00000000c4829ec8,0x00000000c4d80000)
 Metaspace       used 12719K, capacity 12829K, committed 12928K, reserved 1060864K
  class space    used 1362K, capacity 1399K, committed 1408K, reserved 1048576K
Event: 159.025 GC heap after
Heap after GC invocations=60 (full 1):
 PSYoungGen      total 17920K, used 1056K [0x00000000eb180000, 0x00000000ec500000, 0x0000000100000000)
  eden space 15872K, 0% used [0x00000000eb180000,0x00000000eb180000,0x00000000ec100000)
  from space 2048K, 51% used [0x00000000ec100000,0x00000000ec208000,0x00000000ec300000)
  to   space 2048K, 0% used [0x00000000ec300000,0x00000000ec300000,0x00000000ec500000)
 ParOldGen       total 58880K, used 54343K [0x00000000c1400000, 0x00000000c4d80000, 0x00000000eb180000)
  object space 58880K, 92% used [0x00000000c1400000,0x00000000c4911ec8,0x00000000c4d80000)
 Metaspace       used 12719K, capacity 12829K, committed 12928K, reserved 1060864K
  class space    used 1362K, capacity 1399K, committed 1408K, reserved 1048576K
}
Event: 161.678 GC heap before
{Heap before GC invocations=61 (full 1):
 PSYoungGen      total 17920K, used 16928K [0x00000000eb180000, 0x00000000ec500000, 0x0000000100000000)
  eden space 15872K, 100% used [0x00000000eb180000,0x00000000ec100000,0x00000000ec100000)
  from space 2048K, 51% used [0x00000000ec100000,0x00000000ec208000,0x00000000ec300000)
  to   space 2048K, 0% used [0x00000000ec300000,0x00000000ec300000,0x00000000ec500000)
 ParOldGen       total 58880K, used 54343K [0x00000000c1400000, 0x00000000c4d80000, 0x00000000eb180000)
  object space 58880K, 92% used [0x00000000c1400000,0x00000000c4911ec8,0x00000000c4d80000)
 Metaspace       used 12719K, capacity 12829K, committed 12928K, reserved 1060864K
  class space    used 1362K, capacity 1399K, committed 1408K, reserved 1048576K
Event: 161.680 GC heap after
Heap after GC invocations=61 (full 1):
 PSYoungGen      total 17408K, used 1088K [0x00000000eb180000, 0x00000000ec480000, 0x0000000100000000)
  eden space 15872K, 0% used [0x00000000eb180000,0x00000000eb180000,0x00000000ec100000)
  from space 1536K, 70% used [0x00000000ec300000,0x00000000ec410000,0x00000000ec480000)
  to   space 1536K, 0% used [0x00000000ec180000,0x00000000ec180000,0x00000000ec300000)
 ParOldGen       total 58880K, used 55279K [0x00000000c1400000, 0x00000000c4d80000, 0x00000000eb180000)
  object space 58880K, 93% used [0x00000000c1400000,0x00000000c49fbec8,0x00000000c4d80000)
 Metaspace       used 12719K, capacity 12829K, committed 12928K, reserved 1060864K
  class space    used 1362K, capacity 1399K, committed 1408K, reserved 1048576K
}
Event: 164.329 GC heap before
{Heap before GC invocations=62 (full 1):
 PSYoungGen      total 17408K, used 16960K [0x00000000eb180000, 0x00000000ec480000, 0x0000000100000000)
  eden space 15872K, 100% used [0x00000000eb180000,0x00000000ec100000,0x00000000ec100000)
  from space 1536K, 70% used [0x00000000ec300000,0x00000000ec410000,0x00000000ec480000)
  to   space 1536K, 0% used [0x00000000ec180000,0x00000000ec180000,0x00000000ec300000)
 ParOldGen       total 58880K, used 55279K [0x00000000c1400000, 0x00000000c4d80000, 0x00000000eb180000)
  object space 58880K, 93% used [0x00000000c1400000,0x00000000c49fbec8,0x00000000c4d80000)
 Metaspace       used 12719K, capacity 12829K, committed 12928K, reserved 1060864K
  class space    used 1362K, capacity 1399K, committed 1408K, reserved 1048576K
Event: 164.331 GC heap after
Heap after GC invocations=62 (full 1):
 PSYoungGen      total 17408K, used 1056K [0x00000000eb180000, 0x00000000ec400000, 0x0000000100000000)
  eden space 15872K, 0% used [0x00000000eb180000,0x00000000eb180000,0x00000000ec100000)
  from space 1536K, 68% used [0x00000000ec180000,0x00000000ec288000,0x00000000ec300000)
  to   space 1024K, 0% used [0x00000000ec300000,0x00000000ec300000,0x00000000ec400000)
 ParOldGen       total 58880K, used 56207K [0x00000000c1400000, 0x00000000c4d80000, 0x00000000eb180000)
  object space 58880K, 95% used [0x00000000c1400000,0x00000000c4ae3ec8,0x00000000c4d80000)
 Metaspace       used 12719K, capacity 12829K, committed 12928K, reserved 1060864K
  class space    used 1362K, capacity 1399K, committed 1408K, reserved 1048576K
}

